<?xml version="1.0" encoding="UTF-8"?>
<testsuite xmlns:xsi="http://www.w3.org/2001/XMLSchema-instance" xsi:noNamespaceSchemaLocation="https://maven.apache.org/surefire/maven-surefire-plugin/xsd/surefire-test-report.xsd" name="com.psbc.cpabp.CpabpApplicationTests" time="5.896" tests="1" errors="0" skipped="0" failures="0">
  <properties>
    <property name="sun.desktop" value="windows"/>
    <property name="awt.toolkit" value="sun.awt.windows.WToolkit"/>
    <property name="file.encoding.pkg" value="sun.io"/>
    <property name="java.specification.version" value="1.8"/>
    <property name="sun.cpu.isalist" value="amd64"/>
    <property name="sun.jnu.encoding" value="GBK"/>
    <property name="java.class.path" value="D:\MyJava\WorkSpace\cpabp\target\test-classes;D:\MyJava\WorkSpace\cpabp\target\classes;D:\MyJava\maven\MyRepository\org\springframework\boot\spring-boot-starter-thymeleaf\2.5.3\spring-boot-starter-thymeleaf-2.5.3.jar;D:\MyJava\maven\MyRepository\org\springframework\boot\spring-boot-starter\2.5.3\spring-boot-starter-2.5.3.jar;D:\MyJava\maven\MyRepository\org\springframework\boot\spring-boot-starter-logging\2.5.3\spring-boot-starter-logging-2.5.3.jar;D:\MyJava\maven\MyRepository\ch\qos\logback\logback-classic\1.2.4\logback-classic-1.2.4.jar;D:\MyJava\maven\MyRepository\ch\qos\logback\logback-core\1.2.4\logback-core-1.2.4.jar;D:\MyJava\maven\MyRepository\org\apache\logging\log4j\log4j-to-slf4j\2.14.1\log4j-to-slf4j-2.14.1.jar;D:\MyJava\maven\MyRepository\org\apache\logging\log4j\log4j-api\2.14.1\log4j-api-2.14.1.jar;D:\MyJava\maven\MyRepository\org\slf4j\jul-to-slf4j\1.7.32\jul-to-slf4j-1.7.32.jar;D:\MyJava\maven\MyRepository\jakarta\annotation\jakarta.annotation-api\1.3.5\jakarta.annotation-api-1.3.5.jar;D:\MyJava\maven\MyRepository\org\yaml\snakeyaml\1.28\snakeyaml-1.28.jar;D:\MyJava\maven\MyRepository\org\thymeleaf\thymeleaf-spring5\3.0.12.RELEASE\thymeleaf-spring5-3.0.12.RELEASE.jar;D:\MyJava\maven\MyRepository\org\thymeleaf\thymeleaf\3.0.12.RELEASE\thymeleaf-3.0.12.RELEASE.jar;D:\MyJava\maven\MyRepository\org\attoparser\attoparser\2.0.5.RELEASE\attoparser-2.0.5.RELEASE.jar;D:\MyJava\maven\MyRepository\org\unbescape\unbescape\1.1.6.RELEASE\unbescape-1.1.6.RELEASE.jar;D:\MyJava\maven\MyRepository\org\slf4j\slf4j-api\1.7.32\slf4j-api-1.7.32.jar;D:\MyJava\maven\MyRepository\org\thymeleaf\extras\thymeleaf-extras-java8time\3.0.4.RELEASE\thymeleaf-extras-java8time-3.0.4.RELEASE.jar;D:\MyJava\maven\MyRepository\org\springframework\boot\spring-boot-starter-web\2.5.3\spring-boot-starter-web-2.5.3.jar;D:\MyJava\maven\MyRepository\org\springframework\boot\spring-boot-starter-json\2.5.3\spring-boot-starter-json-2.5.3.jar;D:\MyJava\maven\MyRepository\com\fasterxml\jackson\core\jackson-databind\2.12.4\jackson-databind-2.12.4.jar;D:\MyJava\maven\MyRepository\com\fasterxml\jackson\core\jackson-annotations\2.12.4\jackson-annotations-2.12.4.jar;D:\MyJava\maven\MyRepository\com\fasterxml\jackson\core\jackson-core\2.12.4\jackson-core-2.12.4.jar;D:\MyJava\maven\MyRepository\com\fasterxml\jackson\datatype\jackson-datatype-jdk8\2.12.4\jackson-datatype-jdk8-2.12.4.jar;D:\MyJava\maven\MyRepository\com\fasterxml\jackson\datatype\jackson-datatype-jsr310\2.12.4\jackson-datatype-jsr310-2.12.4.jar;D:\MyJava\maven\MyRepository\com\fasterxml\jackson\module\jackson-module-parameter-names\2.12.4\jackson-module-parameter-names-2.12.4.jar;D:\MyJava\maven\MyRepository\org\springframework\boot\spring-boot-starter-tomcat\2.5.3\spring-boot-starter-tomcat-2.5.3.jar;D:\MyJava\maven\MyRepository\org\apache\tomcat\embed\tomcat-embed-core\9.0.50\tomcat-embed-core-9.0.50.jar;D:\MyJava\maven\MyRepository\org\apache\tomcat\embed\tomcat-embed-el\9.0.50\tomcat-embed-el-9.0.50.jar;D:\MyJava\maven\MyRepository\org\apache\tomcat\embed\tomcat-embed-websocket\9.0.50\tomcat-embed-websocket-9.0.50.jar;D:\MyJava\maven\MyRepository\org\springframework\spring-web\5.3.9\spring-web-5.3.9.jar;D:\MyJava\maven\MyRepository\org\springframework\spring-beans\5.3.9\spring-beans-5.3.9.jar;D:\MyJava\maven\MyRepository\org\springframework\spring-webmvc\5.3.9\spring-webmvc-5.3.9.jar;D:\MyJava\maven\MyRepository\org\springframework\spring-aop\5.3.9\spring-aop-5.3.9.jar;D:\MyJava\maven\MyRepository\org\springframework\spring-context\5.3.9\spring-context-5.3.9.jar;D:\MyJava\maven\MyRepository\org\springframework\spring-expression\5.3.9\spring-expression-5.3.9.jar;D:\MyJava\maven\MyRepository\org\mybatis\spring\boot\mybatis-spring-boot-starter\2.2.0\mybatis-spring-boot-starter-2.2.0.jar;D:\MyJava\maven\MyRepository\org\springframework\boot\spring-boot-starter-jdbc\2.5.3\spring-boot-starter-jdbc-2.5.3.jar;D:\MyJava\maven\MyRepository\com\zaxxer\HikariCP\4.0.3\HikariCP-4.0.3.jar;D:\MyJava\maven\MyRepository\org\springframework\spring-jdbc\5.3.9\spring-jdbc-5.3.9.jar;D:\MyJava\maven\MyRepository\org\springframework\spring-tx\5.3.9\spring-tx-5.3.9.jar;D:\MyJava\maven\MyRepository\org\mybatis\spring\boot\mybatis-spring-boot-autoconfigure\2.2.0\mybatis-spring-boot-autoconfigure-2.2.0.jar;D:\MyJava\maven\MyRepository\org\mybatis\mybatis\3.5.7\mybatis-3.5.7.jar;D:\MyJava\maven\MyRepository\org\mybatis\mybatis-spring\2.0.6\mybatis-spring-2.0.6.jar;D:\MyJava\maven\MyRepository\org\postgresql\postgresql\9.4.1212\postgresql-9.4.1212.jar;D:\MyJava\maven\MyRepository\org\projectlombok\lombok\1.18.20\lombok-1.18.20.jar;D:\MyJava\maven\MyRepository\org\springframework\boot\spring-boot-starter-test\2.5.3\spring-boot-starter-test-2.5.3.jar;D:\MyJava\maven\MyRepository\org\springframework\boot\spring-boot-test\2.5.3\spring-boot-test-2.5.3.jar;D:\MyJava\maven\MyRepository\org\springframework\boot\spring-boot-test-autoconfigure\2.5.3\spring-boot-test-autoconfigure-2.5.3.jar;D:\MyJava\maven\MyRepository\com\jayway\jsonpath\json-path\2.5.0\json-path-2.5.0.jar;D:\MyJava\maven\MyRepository\net\minidev\json-smart\2.4.7\json-smart-2.4.7.jar;D:\MyJava\maven\MyRepository\net\minidev\accessors-smart\2.4.7\accessors-smart-2.4.7.jar;D:\MyJava\maven\MyRepository\org\ow2\asm\asm\9.1\asm-9.1.jar;D:\MyJava\maven\MyRepository\jakarta\xml\bind\jakarta.xml.bind-api\2.3.3\jakarta.xml.bind-api-2.3.3.jar;D:\MyJava\maven\MyRepository\jakarta\activation\jakarta.activation-api\1.2.2\jakarta.activation-api-1.2.2.jar;D:\MyJava\maven\MyRepository\org\assertj\assertj-core\3.19.0\assertj-core-3.19.0.jar;D:\MyJava\maven\MyRepository\org\hamcrest\hamcrest\2.2\hamcrest-2.2.jar;D:\MyJava\maven\MyRepository\org\junit\jupiter\junit-jupiter\5.7.2\junit-jupiter-5.7.2.jar;D:\MyJava\maven\MyRepository\org\junit\jupiter\junit-jupiter-api\5.7.2\junit-jupiter-api-5.7.2.jar;D:\MyJava\maven\MyRepository\org\apiguardian\apiguardian-api\1.1.0\apiguardian-api-1.1.0.jar;D:\MyJava\maven\MyRepository\org\opentest4j\opentest4j\1.2.0\opentest4j-1.2.0.jar;D:\MyJava\maven\MyRepository\org\junit\platform\junit-platform-commons\1.7.2\junit-platform-commons-1.7.2.jar;D:\MyJava\maven\MyRepository\org\junit\jupiter\junit-jupiter-params\5.7.2\junit-jupiter-params-5.7.2.jar;D:\MyJava\maven\MyRepository\org\junit\jupiter\junit-jupiter-engine\5.7.2\junit-jupiter-engine-5.7.2.jar;D:\MyJava\maven\MyRepository\org\junit\platform\junit-platform-engine\1.7.2\junit-platform-engine-1.7.2.jar;D:\MyJava\maven\MyRepository\org\mockito\mockito-core\3.9.0\mockito-core-3.9.0.jar;D:\MyJava\maven\MyRepository\net\bytebuddy\byte-buddy\1.10.22\byte-buddy-1.10.22.jar;D:\MyJava\maven\MyRepository\net\bytebuddy\byte-buddy-agent\1.10.22\byte-buddy-agent-1.10.22.jar;D:\MyJava\maven\MyRepository\org\objenesis\objenesis\3.2\objenesis-3.2.jar;D:\MyJava\maven\MyRepository\org\mockito\mockito-junit-jupiter\3.9.0\mockito-junit-jupiter-3.9.0.jar;D:\MyJava\maven\MyRepository\org\skyscreamer\jsonassert\1.5.0\jsonassert-1.5.0.jar;D:\MyJava\maven\MyRepository\com\vaadin\external\google\android-json\0.0.20131108.vaadin1\android-json-0.0.20131108.vaadin1.jar;D:\MyJava\maven\MyRepository\org\springframework\spring-core\5.3.9\spring-core-5.3.9.jar;D:\MyJava\maven\MyRepository\org\springframework\spring-jcl\5.3.9\spring-jcl-5.3.9.jar;D:\MyJava\maven\MyRepository\org\springframework\spring-test\5.3.9\spring-test-5.3.9.jar;D:\MyJava\maven\MyRepository\org\xmlunit\xmlunit-core\2.8.2\xmlunit-core-2.8.2.jar;D:\MyJava\maven\MyRepository\org\springframework\boot\spring-boot-devtools\2.5.3\spring-boot-devtools-2.5.3.jar;D:\MyJava\maven\MyRepository\org\springframework\boot\spring-boot\2.5.3\spring-boot-2.5.3.jar;D:\MyJava\maven\MyRepository\org\springframework\boot\spring-boot-autoconfigure\2.5.3\spring-boot-autoconfigure-2.5.3.jar;D:\MyJava\maven\MyRepository\org\webjars\jquery\3.5.1\jquery-3.5.1.jar;D:\MyJava\maven\MyRepository\org\webjars\bootstrap\4.5.0\bootstrap-4.5.0.jar;D:\MyJava\maven\MyRepository\org\webjars\popper.js\1.16.0\popper.js-1.16.0.jar;"/>
    <property name="java.vm.vendor" value="Oracle Corporation"/>
    <property name="sun.arch.data.model" value="64"/>
    <property name="user.variant" value=""/>
    <property name="java.vendor.url" value="http://java.oracle.com/"/>
    <property name="user.timezone" value="Asia/Shanghai"/>
    <property name="java.vm.specification.version" value="1.8"/>
    <property name="os.name" value="Windows 10"/>
    <property name="user.country" value="SG"/>
    <property name="sun.java.launcher" value="SUN_STANDARD"/>
    <property name="sun.boot.library.path" value="D:\MyJava\Java\jdk1.8.0_181\jre\bin"/>
    <property name="sun.java.command" value="C:\Users\ADMINI~1\AppData\Local\Temp\surefire834687049939416091\surefirebooter2331023384175286416.jar C:\Users\Administrator\AppData\Local\Temp\surefire834687049939416091 2022-11-20T01-09-59_953-jvmRun1 surefire5611683418155266622tmp surefire_02515333109581870311tmp"/>
    <property name="surefire.test.class.path" value="D:\MyJava\WorkSpace\cpabp\target\test-classes;D:\MyJava\WorkSpace\cpabp\target\classes;D:\MyJava\maven\MyRepository\org\springframework\boot\spring-boot-starter-thymeleaf\2.5.3\spring-boot-starter-thymeleaf-2.5.3.jar;D:\MyJava\maven\MyRepository\org\springframework\boot\spring-boot-starter\2.5.3\spring-boot-starter-2.5.3.jar;D:\MyJava\maven\MyRepository\org\springframework\boot\spring-boot-starter-logging\2.5.3\spring-boot-starter-logging-2.5.3.jar;D:\MyJava\maven\MyRepository\ch\qos\logback\logback-classic\1.2.4\logback-classic-1.2.4.jar;D:\MyJava\maven\MyRepository\ch\qos\logback\logback-core\1.2.4\logback-core-1.2.4.jar;D:\MyJava\maven\MyRepository\org\apache\logging\log4j\log4j-to-slf4j\2.14.1\log4j-to-slf4j-2.14.1.jar;D:\MyJava\maven\MyRepository\org\apache\logging\log4j\log4j-api\2.14.1\log4j-api-2.14.1.jar;D:\MyJava\maven\MyRepository\org\slf4j\jul-to-slf4j\1.7.32\jul-to-slf4j-1.7.32.jar;D:\MyJava\maven\MyRepository\jakarta\annotation\jakarta.annotation-api\1.3.5\jakarta.annotation-api-1.3.5.jar;D:\MyJava\maven\MyRepository\org\yaml\snakeyaml\1.28\snakeyaml-1.28.jar;D:\MyJava\maven\MyRepository\org\thymeleaf\thymeleaf-spring5\3.0.12.RELEASE\thymeleaf-spring5-3.0.12.RELEASE.jar;D:\MyJava\maven\MyRepository\org\thymeleaf\thymeleaf\3.0.12.RELEASE\thymeleaf-3.0.12.RELEASE.jar;D:\MyJava\maven\MyRepository\org\attoparser\attoparser\2.0.5.RELEASE\attoparser-2.0.5.RELEASE.jar;D:\MyJava\maven\MyRepository\org\unbescape\unbescape\1.1.6.RELEASE\unbescape-1.1.6.RELEASE.jar;D:\MyJava\maven\MyRepository\org\slf4j\slf4j-api\1.7.32\slf4j-api-1.7.32.jar;D:\MyJava\maven\MyRepository\org\thymeleaf\extras\thymeleaf-extras-java8time\3.0.4.RELEASE\thymeleaf-extras-java8time-3.0.4.RELEASE.jar;D:\MyJava\maven\MyRepository\org\springframework\boot\spring-boot-starter-web\2.5.3\spring-boot-starter-web-2.5.3.jar;D:\MyJava\maven\MyRepository\org\springframework\boot\spring-boot-starter-json\2.5.3\spring-boot-starter-json-2.5.3.jar;D:\MyJava\maven\MyRepository\com\fasterxml\jackson\core\jackson-databind\2.12.4\jackson-databind-2.12.4.jar;D:\MyJava\maven\MyRepository\com\fasterxml\jackson\core\jackson-annotations\2.12.4\jackson-annotations-2.12.4.jar;D:\MyJava\maven\MyRepository\com\fasterxml\jackson\core\jackson-core\2.12.4\jackson-core-2.12.4.jar;D:\MyJava\maven\MyRepository\com\fasterxml\jackson\datatype\jackson-datatype-jdk8\2.12.4\jackson-datatype-jdk8-2.12.4.jar;D:\MyJava\maven\MyRepository\com\fasterxml\jackson\datatype\jackson-datatype-jsr310\2.12.4\jackson-datatype-jsr310-2.12.4.jar;D:\MyJava\maven\MyRepository\com\fasterxml\jackson\module\jackson-module-parameter-names\2.12.4\jackson-module-parameter-names-2.12.4.jar;D:\MyJava\maven\MyRepository\org\springframework\boot\spring-boot-starter-tomcat\2.5.3\spring-boot-starter-tomcat-2.5.3.jar;D:\MyJava\maven\MyRepository\org\apache\tomcat\embed\tomcat-embed-core\9.0.50\tomcat-embed-core-9.0.50.jar;D:\MyJava\maven\MyRepository\org\apache\tomcat\embed\tomcat-embed-el\9.0.50\tomcat-embed-el-9.0.50.jar;D:\MyJava\maven\MyRepository\org\apache\tomcat\embed\tomcat-embed-websocket\9.0.50\tomcat-embed-websocket-9.0.50.jar;D:\MyJava\maven\MyRepository\org\springframework\spring-web\5.3.9\spring-web-5.3.9.jar;D:\MyJava\maven\MyRepository\org\springframework\spring-beans\5.3.9\spring-beans-5.3.9.jar;D:\MyJava\maven\MyRepository\org\springframework\spring-webmvc\5.3.9\spring-webmvc-5.3.9.jar;D:\MyJava\maven\MyRepository\org\springframework\spring-aop\5.3.9\spring-aop-5.3.9.jar;D:\MyJava\maven\MyRepository\org\springframework\spring-context\5.3.9\spring-context-5.3.9.jar;D:\MyJava\maven\MyRepository\org\springframework\spring-expression\5.3.9\spring-expression-5.3.9.jar;D:\MyJava\maven\MyRepository\org\mybatis\spring\boot\mybatis-spring-boot-starter\2.2.0\mybatis-spring-boot-starter-2.2.0.jar;D:\MyJava\maven\MyRepository\org\springframework\boot\spring-boot-starter-jdbc\2.5.3\spring-boot-starter-jdbc-2.5.3.jar;D:\MyJava\maven\MyRepository\com\zaxxer\HikariCP\4.0.3\HikariCP-4.0.3.jar;D:\MyJava\maven\MyRepository\org\springframework\spring-jdbc\5.3.9\spring-jdbc-5.3.9.jar;D:\MyJava\maven\MyRepository\org\springframework\spring-tx\5.3.9\spring-tx-5.3.9.jar;D:\MyJava\maven\MyRepository\org\mybatis\spring\boot\mybatis-spring-boot-autoconfigure\2.2.0\mybatis-spring-boot-autoconfigure-2.2.0.jar;D:\MyJava\maven\MyRepository\org\mybatis\mybatis\3.5.7\mybatis-3.5.7.jar;D:\MyJava\maven\MyRepository\org\mybatis\mybatis-spring\2.0.6\mybatis-spring-2.0.6.jar;D:\MyJava\maven\MyRepository\org\postgresql\postgresql\9.4.1212\postgresql-9.4.1212.jar;D:\MyJava\maven\MyRepository\org\projectlombok\lombok\1.18.20\lombok-1.18.20.jar;D:\MyJava\maven\MyRepository\org\springframework\boot\spring-boot-starter-test\2.5.3\spring-boot-starter-test-2.5.3.jar;D:\MyJava\maven\MyRepository\org\springframework\boot\spring-boot-test\2.5.3\spring-boot-test-2.5.3.jar;D:\MyJava\maven\MyRepository\org\springframework\boot\spring-boot-test-autoconfigure\2.5.3\spring-boot-test-autoconfigure-2.5.3.jar;D:\MyJava\maven\MyRepository\com\jayway\jsonpath\json-path\2.5.0\json-path-2.5.0.jar;D:\MyJava\maven\MyRepository\net\minidev\json-smart\2.4.7\json-smart-2.4.7.jar;D:\MyJava\maven\MyRepository\net\minidev\accessors-smart\2.4.7\accessors-smart-2.4.7.jar;D:\MyJava\maven\MyRepository\org\ow2\asm\asm\9.1\asm-9.1.jar;D:\MyJava\maven\MyRepository\jakarta\xml\bind\jakarta.xml.bind-api\2.3.3\jakarta.xml.bind-api-2.3.3.jar;D:\MyJava\maven\MyRepository\jakarta\activation\jakarta.activation-api\1.2.2\jakarta.activation-api-1.2.2.jar;D:\MyJava\maven\MyRepository\org\assertj\assertj-core\3.19.0\assertj-core-3.19.0.jar;D:\MyJava\maven\MyRepository\org\hamcrest\hamcrest\2.2\hamcrest-2.2.jar;D:\MyJava\maven\MyRepository\org\junit\jupiter\junit-jupiter\5.7.2\junit-jupiter-5.7.2.jar;D:\MyJava\maven\MyRepository\org\junit\jupiter\junit-jupiter-api\5.7.2\junit-jupiter-api-5.7.2.jar;D:\MyJava\maven\MyRepository\org\apiguardian\apiguardian-api\1.1.0\apiguardian-api-1.1.0.jar;D:\MyJava\maven\MyRepository\org\opentest4j\opentest4j\1.2.0\opentest4j-1.2.0.jar;D:\MyJava\maven\MyRepository\org\junit\platform\junit-platform-commons\1.7.2\junit-platform-commons-1.7.2.jar;D:\MyJava\maven\MyRepository\org\junit\jupiter\junit-jupiter-params\5.7.2\junit-jupiter-params-5.7.2.jar;D:\MyJava\maven\MyRepository\org\junit\jupiter\junit-jupiter-engine\5.7.2\junit-jupiter-engine-5.7.2.jar;D:\MyJava\maven\MyRepository\org\junit\platform\junit-platform-engine\1.7.2\junit-platform-engine-1.7.2.jar;D:\MyJava\maven\MyRepository\org\mockito\mockito-core\3.9.0\mockito-core-3.9.0.jar;D:\MyJava\maven\MyRepository\net\bytebuddy\byte-buddy\1.10.22\byte-buddy-1.10.22.jar;D:\MyJava\maven\MyRepository\net\bytebuddy\byte-buddy-agent\1.10.22\byte-buddy-agent-1.10.22.jar;D:\MyJava\maven\MyRepository\org\objenesis\objenesis\3.2\objenesis-3.2.jar;D:\MyJava\maven\MyRepository\org\mockito\mockito-junit-jupiter\3.9.0\mockito-junit-jupiter-3.9.0.jar;D:\MyJava\maven\MyRepository\org\skyscreamer\jsonassert\1.5.0\jsonassert-1.5.0.jar;D:\MyJava\maven\MyRepository\com\vaadin\external\google\android-json\0.0.20131108.vaadin1\android-json-0.0.20131108.vaadin1.jar;D:\MyJava\maven\MyRepository\org\springframework\spring-core\5.3.9\spring-core-5.3.9.jar;D:\MyJava\maven\MyRepository\org\springframework\spring-jcl\5.3.9\spring-jcl-5.3.9.jar;D:\MyJava\maven\MyRepository\org\springframework\spring-test\5.3.9\spring-test-5.3.9.jar;D:\MyJava\maven\MyRepository\org\xmlunit\xmlunit-core\2.8.2\xmlunit-core-2.8.2.jar;D:\MyJava\maven\MyRepository\org\springframework\boot\spring-boot-devtools\2.5.3\spring-boot-devtools-2.5.3.jar;D:\MyJava\maven\MyRepository\org\springframework\boot\spring-boot\2.5.3\spring-boot-2.5.3.jar;D:\MyJava\maven\MyRepository\org\springframework\boot\spring-boot-autoconfigure\2.5.3\spring-boot-autoconfigure-2.5.3.jar;D:\MyJava\maven\MyRepository\org\webjars\jquery\3.5.1\jquery-3.5.1.jar;D:\MyJava\maven\MyRepository\org\webjars\bootstrap\4.5.0\bootstrap-4.5.0.jar;D:\MyJava\maven\MyRepository\org\webjars\popper.js\1.16.0\popper.js-1.16.0.jar;"/>
    <property name="sun.cpu.endian" value="little"/>
    <property name="user.home" value="C:\Users\Administrator"/>
    <property name="user.language" value="zh"/>
    <property name="java.specification.vendor" value="Oracle Corporation"/>
    <property name="java.home" value="D:\MyJava\Java\jdk1.8.0_181\jre"/>
    <property name="basedir" value="D:\MyJava\WorkSpace\cpabp"/>
    <property name="file.separator" value="\"/>
    <property name="line.separator" value="&#10;"/>
    <property name="java.vm.specification.vendor" value="Oracle Corporation"/>
    <property name="java.specification.name" value="Java Platform API Specification"/>
    <property name="java.awt.graphicsenv" value="sun.awt.Win32GraphicsEnvironment"/>
    <property name="surefire.real.class.path" value="C:\Users\ADMINI~1\AppData\Local\Temp\surefire834687049939416091\surefirebooter2331023384175286416.jar"/>
    <property name="sun.boot.class.path" value="D:\MyJava\Java\jdk1.8.0_181\jre\lib\resources.jar;D:\MyJava\Java\jdk1.8.0_181\jre\lib\rt.jar;D:\MyJava\Java\jdk1.8.0_181\jre\lib\sunrsasign.jar;D:\MyJava\Java\jdk1.8.0_181\jre\lib\jsse.jar;D:\MyJava\Java\jdk1.8.0_181\jre\lib\jce.jar;D:\MyJava\Java\jdk1.8.0_181\jre\lib\charsets.jar;D:\MyJava\Java\jdk1.8.0_181\jre\lib\jfr.jar;D:\MyJava\Java\jdk1.8.0_181\jre\classes"/>
    <property name="user.script" value=""/>
    <property name="sun.management.compiler" value="HotSpot 64-Bit Tiered Compilers"/>
    <property name="java.runtime.version" value="1.8.0_181-b13"/>
    <property name="user.name" value="Wmh"/>
    <property name="path.separator" value=";"/>
    <property name="os.version" value="10.0"/>
    <property name="java.endorsed.dirs" value="D:\MyJava\Java\jdk1.8.0_181\jre\lib\endorsed"/>
    <property name="java.runtime.name" value="Java(TM) SE Runtime Environment"/>
    <property name="file.encoding" value="GBK"/>
    <property name="java.vm.name" value="Java HotSpot(TM) 64-Bit Server VM"/>
    <property name="localRepository" value="D:\MyJava\maven\MyRepository"/>
    <property name="java.vendor.url.bug" value="http://bugreport.sun.com/bugreport/"/>
    <property name="java.io.tmpdir" value="C:\Users\ADMINI~1\AppData\Local\Temp\"/>
    <property name="idea.version" value="2020.3.4"/>
    <property name="java.version" value="1.8.0_181"/>
    <property name="user.dir" value="D:\MyJava\WorkSpace\cpabp"/>
    <property name="os.arch" value="amd64"/>
    <property name="java.vm.specification.name" value="Java Virtual Machine Specification"/>
    <property name="java.awt.printerjob" value="sun.awt.windows.WPrinterJob"/>
    <property name="sun.os.patch.level" value=""/>
    <property name="java.library.path" value="D:\MyJava\Java\jdk1.8.0_181\jre\bin;C:\windows\Sun\Java\bin;C:\windows\system32;C:\windows;&quot;D:\MyJava\Java\jdk1.8.0_181\bin;D:\MyJava\Java\jdk1.8.0_181\jre\bin;&quot;;D:\MyJava\maven\apache-maven-3.8.1\bin;C:\Program Files (x86)\Common Files\Oracle\Java\javapath;C:\windows\system32;C:\windows;C:\windows\System32\Wbem;C:\windows\System32\WindowsPowerShell\v1.0\;C:\windows\System32\OpenSSH\;D:\Python39\Scripts\;D:\Python39\;D:\Python39\Scripts;C:\Users\Administrator\AppData\Local\Microsoft\WindowsApps;;D:\MyJava\IntelliJ IDEA 2020.3\bin;;D:\MyJava\VsCode\Microsoft VS Code\bin;C:\Users\Administrator\AppData\Local\Programs\Fiddler;."/>
    <property name="java.vm.info" value="mixed mode"/>
    <property name="java.vendor" value="Oracle Corporation"/>
    <property name="java.vm.version" value="25.181-b13"/>
    <property name="java.ext.dirs" value="D:\MyJava\Java\jdk1.8.0_181\jre\lib\ext;C:\windows\Sun\Java\lib\ext"/>
    <property name="sun.io.unicode.encoding" value="UnicodeLittle"/>
    <property name="maven.repo.local" value="D:\MyJava\maven\MyRepository"/>
    <property name="java.class.version" value="52.0"/>
  </properties>
  <testcase name="contextLoads" classname="com.psbc.cpabp.CpabpApplicationTests" time="0.424"/>
</testsuite>